{"/Users/sniels/Desktop/Comp523/410democentral/410democentral-backend/auth.js": {"path":"/Users/sniels/Desktop/Comp523/410democentral/410democentral-backend/auth.js","statementMap":{"0":{"start":{"line":1,"column":15},"end":{"line":1,"column":32}},"1":{"start":{"line":2,"column":13},"end":{"line":2,"column":28}},"2":{"start":{"line":3,"column":11},"end":{"line":3,"column":29}},"3":{"start":{"line":5,"column":26},"end":{"line":5,"column":31}},"4":{"start":{"line":6,"column":16},"end":{"line":6,"column":18}},"5":{"start":{"line":7,"column":16},"end":{"line":7,"column":23}},"6":{"start":{"line":8,"column":16},"end":{"line":8,"column":23}},"7":{"start":{"line":9,"column":16},"end":{"line":9,"column":24}},"8":{"start":{"line":10,"column":12},"end":{"line":10,"column":13}},"9":{"start":{"line":12,"column":20},"end":{"line":12,"column":54}},"10":{"start":{"line":13,"column":15},"end":{"line":13,"column":44}},"11":{"start":{"line":15,"column":30},"end":{"line":24,"column":1}},"12":{"start":{"line":16,"column":15},"end":{"line":16,"column":41}},"13":{"start":{"line":17,"column":21},"end":{"line":17,"column":84}},"14":{"start":{"line":18,"column":4},"end":{"line":23,"column":6}},"15":{"start":{"line":26,"column":21},"end":{"line":29,"column":1}},"16":{"start":{"line":27,"column":19},"end":{"line":27,"column":118}},"17":{"start":{"line":28,"column":4},"end":{"line":28,"column":44}},"18":{"start":{"line":31,"column":0},"end":{"line":35,"column":1}},"19":{"start":{"line":32,"column":16},"end":{"line":32,"column":51}},"20":{"start":{"line":33,"column":4},"end":{"line":33,"column":48}},"21":{"start":{"line":34,"column":4},"end":{"line":34,"column":16}},"22":{"start":{"line":37,"column":0},"end":{"line":58,"column":1}},"23":{"start":{"line":38,"column":20},"end":{"line":38,"column":51}},"24":{"start":{"line":39,"column":4},"end":{"line":41,"column":5}},"25":{"start":{"line":40,"column":6},"end":{"line":40,"column":19}},"26":{"start":{"line":43,"column":16},"end":{"line":43,"column":31}},"27":{"start":{"line":45,"column":4},"end":{"line":45,"column":35}},"28":{"start":{"line":46,"column":4},"end":{"line":46,"column":35}},"29":{"start":{"line":47,"column":4},"end":{"line":56,"column":5}},"30":{"start":{"line":48,"column":8},"end":{"line":48,"column":47}},"31":{"start":{"line":49,"column":21},"end":{"line":49,"column":65}},"32":{"start":{"line":50,"column":18},"end":{"line":50,"column":66}},"33":{"start":{"line":51,"column":8},"end":{"line":51,"column":58}},"34":{"start":{"line":52,"column":8},"end":{"line":55,"column":10}},"35":{"start":{"line":57,"column":4},"end":{"line":57,"column":17}},"36":{"start":{"line":60,"column":0},"end":{"line":62,"column":1}},"37":{"start":{"line":61,"column":4},"end":{"line":61,"column":40}},"38":{"start":{"line":64,"column":0},"end":{"line":67,"column":1}},"39":{"start":{"line":65,"column":15},"end":{"line":65,"column":49}},"40":{"start":{"line":66,"column":4},"end":{"line":66,"column":23}},"41":{"start":{"line":69,"column":0},"end":{"line":72,"column":1}},"42":{"start":{"line":70,"column":15},"end":{"line":70,"column":49}},"43":{"start":{"line":71,"column":4},"end":{"line":71,"column":55}},"44":{"start":{"line":74,"column":0},"end":{"line":83,"column":1}},"45":{"start":{"line":75,"column":16},"end":{"line":75,"column":44}},"46":{"start":{"line":76,"column":4},"end":{"line":78,"column":5}},"47":{"start":{"line":77,"column":8},"end":{"line":77,"column":21}},"48":{"start":{"line":79,"column":4},"end":{"line":81,"column":5}},"49":{"start":{"line":80,"column":8},"end":{"line":80,"column":20}},"50":{"start":{"line":82,"column":4},"end":{"line":82,"column":50}},"51":{"start":{"line":85,"column":0},"end":{"line":92,"column":1}},"52":{"start":{"line":86,"column":15},"end":{"line":86,"column":49}},"53":{"start":{"line":87,"column":17},"end":{"line":87,"column":44}},"54":{"start":{"line":88,"column":4},"end":{"line":90,"column":5}},"55":{"start":{"line":89,"column":8},"end":{"line":89,"column":20}},"56":{"start":{"line":91,"column":4},"end":{"line":91,"column":58}},"57":{"start":{"line":94,"column":0},"end":{"line":104,"column":1}},"58":{"start":{"line":95,"column":15},"end":{"line":95,"column":49}},"59":{"start":{"line":96,"column":4},"end":{"line":98,"column":5}},"60":{"start":{"line":97,"column":8},"end":{"line":97,"column":20}},"61":{"start":{"line":99,"column":17},"end":{"line":99,"column":44}},"62":{"start":{"line":100,"column":4},"end":{"line":102,"column":5}},"63":{"start":{"line":101,"column":8},"end":{"line":101,"column":39}},"64":{"start":{"line":103,"column":4},"end":{"line":103,"column":50}}},"fnMap":{"0":{"name":"(anonymous_0)","decl":{"start":{"line":15,"column":30},"end":{"line":15,"column":31}},"loc":{"start":{"line":15,"column":52},"end":{"line":24,"column":1}},"line":15},"1":{"name":"(anonymous_1)","decl":{"start":{"line":26,"column":21},"end":{"line":26,"column":22}},"loc":{"start":{"line":26,"column":55},"end":{"line":29,"column":1}},"line":26},"2":{"name":"(anonymous_2)","decl":{"start":{"line":31,"column":30},"end":{"line":31,"column":31}},"loc":{"start":{"line":31,"column":69},"end":{"line":35,"column":1}},"line":31},"3":{"name":"(anonymous_3)","decl":{"start":{"line":37,"column":27},"end":{"line":37,"column":28}},"loc":{"start":{"line":37,"column":59},"end":{"line":58,"column":1}},"line":37},"4":{"name":"(anonymous_4)","decl":{"start":{"line":60,"column":28},"end":{"line":60,"column":29}},"loc":{"start":{"line":60,"column":50},"end":{"line":62,"column":1}},"line":60},"5":{"name":"(anonymous_5)","decl":{"start":{"line":64,"column":31},"end":{"line":64,"column":32}},"loc":{"start":{"line":64,"column":53},"end":{"line":67,"column":1}},"line":64},"6":{"name":"(anonymous_6)","decl":{"start":{"line":69,"column":49},"end":{"line":69,"column":50}},"loc":{"start":{"line":69,"column":82},"end":{"line":72,"column":1}},"line":69},"7":{"name":"(anonymous_7)","decl":{"start":{"line":74,"column":39},"end":{"line":74,"column":40}},"loc":{"start":{"line":74,"column":70},"end":{"line":83,"column":1}},"line":74},"8":{"name":"(anonymous_8)","decl":{"start":{"line":85,"column":41},"end":{"line":85,"column":42}},"loc":{"start":{"line":85,"column":68},"end":{"line":92,"column":1}},"line":85},"9":{"name":"(anonymous_9)","decl":{"start":{"line":94,"column":31},"end":{"line":94,"column":32}},"loc":{"start":{"line":94,"column":58},"end":{"line":104,"column":1}},"line":94}},"branchMap":{"0":{"loc":{"start":{"line":39,"column":4},"end":{"line":41,"column":5}},"type":"if","locations":[{"start":{"line":39,"column":4},"end":{"line":41,"column":5}},{"start":{"line":39,"column":4},"end":{"line":41,"column":5}}],"line":39},"1":{"loc":{"start":{"line":47,"column":4},"end":{"line":56,"column":5}},"type":"if","locations":[{"start":{"line":47,"column":4},"end":{"line":56,"column":5}},{"start":{"line":47,"column":4},"end":{"line":56,"column":5}}],"line":47},"2":{"loc":{"start":{"line":76,"column":4},"end":{"line":78,"column":5}},"type":"if","locations":[{"start":{"line":76,"column":4},"end":{"line":78,"column":5}},{"start":{"line":76,"column":4},"end":{"line":78,"column":5}}],"line":76},"3":{"loc":{"start":{"line":79,"column":4},"end":{"line":81,"column":5}},"type":"if","locations":[{"start":{"line":79,"column":4},"end":{"line":81,"column":5}},{"start":{"line":79,"column":4},"end":{"line":81,"column":5}}],"line":79},"4":{"loc":{"start":{"line":88,"column":4},"end":{"line":90,"column":5}},"type":"if","locations":[{"start":{"line":88,"column":4},"end":{"line":90,"column":5}},{"start":{"line":88,"column":4},"end":{"line":90,"column":5}}],"line":88},"5":{"loc":{"start":{"line":88,"column":7},"end":{"line":88,"column":45}},"type":"binary-expr","locations":[{"start":{"line":88,"column":7},"end":{"line":88,"column":18}},{"start":{"line":88,"column":22},"end":{"line":88,"column":45}}],"line":88},"6":{"loc":{"start":{"line":96,"column":4},"end":{"line":98,"column":5}},"type":"if","locations":[{"start":{"line":96,"column":4},"end":{"line":98,"column":5}},{"start":{"line":96,"column":4},"end":{"line":98,"column":5}}],"line":96},"7":{"loc":{"start":{"line":100,"column":4},"end":{"line":102,"column":5}},"type":"if","locations":[{"start":{"line":100,"column":4},"end":{"line":102,"column":5}},{"start":{"line":100,"column":4},"end":{"line":102,"column":5}}],"line":100}},"s":{"0":2,"1":2,"2":2,"3":2,"4":2,"5":2,"6":2,"7":2,"8":2,"9":2,"10":2,"11":2,"12":0,"13":0,"14":0,"15":2,"16":0,"17":0,"18":2,"19":0,"20":0,"21":0,"22":2,"23":0,"24":0,"25":0,"26":0,"27":0,"28":0,"29":0,"30":0,"31":0,"32":0,"33":0,"34":0,"35":0,"36":2,"37":0,"38":2,"39":0,"40":0,"41":2,"42":0,"43":0,"44":2,"45":0,"46":0,"47":0,"48":0,"49":0,"50":0,"51":2,"52":0,"53":0,"54":0,"55":0,"56":0,"57":2,"58":0,"59":0,"60":0,"61":0,"62":0,"63":0,"64":0},"f":{"0":0,"1":0,"2":0,"3":0,"4":0,"5":0,"6":0,"7":0,"8":0,"9":0},"b":{"0":[0,0],"1":[0,0],"2":[0,0],"3":[0,0],"4":[0,0],"5":[0,0],"6":[0,0],"7":[0,0]},"_coverageSchema":"1a1c01bbd47fc00a2c39e90264f33305004495a9","hash":"ee48b49338e2b48b9b9630cf2fc47c9118463352"}
,"/Users/sniels/Desktop/Comp523/410democentral/410democentral-backend/db.js": {"path":"/Users/sniels/Desktop/Comp523/410democentral/410democentral-backend/db.js","statementMap":{"0":{"start":{"line":1,"column":18},"end":{"line":1,"column":36}},"1":{"start":{"line":3,"column":16},"end":{"line":3,"column":107}},"2":{"start":{"line":3,"column":82},"end":{"line":3,"column":106}},"3":{"start":{"line":8,"column":24},"end":{"line":8,"column":111}},"4":{"start":{"line":8,"column":42},"end":{"line":8,"column":111}},"5":{"start":{"line":10,"column":30},"end":{"line":10,"column":164}},"6":{"start":{"line":10,"column":74},"end":{"line":10,"column":164}},"7":{"start":{"line":12,"column":28},"end":{"line":12,"column":140}},"8":{"start":{"line":12,"column":62},"end":{"line":12,"column":140}},"9":{"start":{"line":14,"column":30},"end":{"line":14,"column":89}},"10":{"start":{"line":14,"column":43},"end":{"line":14,"column":89}},"11":{"start":{"line":16,"column":39},"end":{"line":16,"column":151}},"12":{"start":{"line":16,"column":61},"end":{"line":16,"column":151}},"13":{"start":{"line":19,"column":27},"end":{"line":19,"column":132}},"14":{"start":{"line":19,"column":40},"end":{"line":19,"column":132}},"15":{"start":{"line":21,"column":33},"end":{"line":28,"column":1}},"16":{"start":{"line":22,"column":21},"end":{"line":22,"column":72}},"17":{"start":{"line":23,"column":18},"end":{"line":23,"column":20}},"18":{"start":{"line":24,"column":4},"end":{"line":26,"column":5}},"19":{"start":{"line":25,"column":8},"end":{"line":25,"column":64}},"20":{"start":{"line":27,"column":4},"end":{"line":27,"column":35}},"21":{"start":{"line":30,"column":30},"end":{"line":30,"column":119}},"22":{"start":{"line":30,"column":55},"end":{"line":30,"column":119}},"23":{"start":{"line":32,"column":39},"end":{"line":32,"column":130}},"24":{"start":{"line":32,"column":64},"end":{"line":32,"column":130}},"25":{"start":{"line":34,"column":30},"end":{"line":34,"column":118}},"26":{"start":{"line":34,"column":47},"end":{"line":34,"column":118}},"27":{"start":{"line":37,"column":29},"end":{"line":37,"column":102}},"28":{"start":{"line":37,"column":58},"end":{"line":37,"column":102}},"29":{"start":{"line":42,"column":0},"end":{"line":46,"column":1}},"30":{"start":{"line":43,"column":13},"end":{"line":43,"column":28}},"31":{"start":{"line":45,"column":4},"end":{"line":45,"column":37}},"32":{"start":{"line":48,"column":0},"end":{"line":52,"column":2}},"33":{"start":{"line":50,"column":13},"end":{"line":50,"column":28}},"34":{"start":{"line":51,"column":4},"end":{"line":51,"column":89}},"35":{"start":{"line":54,"column":0},"end":{"line":57,"column":1}},"36":{"start":{"line":55,"column":13},"end":{"line":55,"column":28}},"37":{"start":{"line":56,"column":4},"end":{"line":56,"column":99}},"38":{"start":{"line":59,"column":0},"end":{"line":63,"column":2}},"39":{"start":{"line":61,"column":13},"end":{"line":61,"column":28}},"40":{"start":{"line":62,"column":4},"end":{"line":62,"column":77}},"41":{"start":{"line":65,"column":0},"end":{"line":68,"column":1}},"42":{"start":{"line":66,"column":13},"end":{"line":66,"column":28}},"43":{"start":{"line":67,"column":4},"end":{"line":67,"column":39}},"44":{"start":{"line":70,"column":0},"end":{"line":73,"column":1}},"45":{"start":{"line":71,"column":13},"end":{"line":71,"column":28}},"46":{"start":{"line":72,"column":4},"end":{"line":72,"column":36}},"47":{"start":{"line":75,"column":0},"end":{"line":80,"column":1}},"48":{"start":{"line":76,"column":13},"end":{"line":76,"column":28}},"49":{"start":{"line":77,"column":24},"end":{"line":77,"column":161}},"50":{"start":{"line":78,"column":25},"end":{"line":78,"column":88}},"51":{"start":{"line":79,"column":4},"end":{"line":79,"column":48}},"52":{"start":{"line":82,"column":0},"end":{"line":86,"column":1}},"53":{"start":{"line":83,"column":13},"end":{"line":83,"column":28}},"54":{"start":{"line":84,"column":21},"end":{"line":84,"column":89}},"55":{"start":{"line":85,"column":4},"end":{"line":85,"column":116}},"56":{"start":{"line":88,"column":0},"end":{"line":91,"column":1}},"57":{"start":{"line":89,"column":13},"end":{"line":89,"column":28}},"58":{"start":{"line":90,"column":4},"end":{"line":90,"column":43}},"59":{"start":{"line":93,"column":0},"end":{"line":102,"column":1}},"60":{"start":{"line":94,"column":13},"end":{"line":94,"column":28}},"61":{"start":{"line":95,"column":4},"end":{"line":101,"column":7}},"62":{"start":{"line":104,"column":0},"end":{"line":112,"column":1}},"63":{"start":{"line":105,"column":13},"end":{"line":105,"column":28}},"64":{"start":{"line":106,"column":4},"end":{"line":111,"column":6}},"65":{"start":{"line":114,"column":0},"end":{"line":117,"column":1}},"66":{"start":{"line":115,"column":13},"end":{"line":115,"column":28}},"67":{"start":{"line":116,"column":4},"end":{"line":116,"column":84}},"68":{"start":{"line":119,"column":0},"end":{"line":126,"column":1}},"69":{"start":{"line":120,"column":13},"end":{"line":120,"column":28}},"70":{"start":{"line":121,"column":15},"end":{"line":121,"column":91}},"71":{"start":{"line":122,"column":4},"end":{"line":124,"column":5}},"72":{"start":{"line":123,"column":8},"end":{"line":123,"column":20}},"73":{"start":{"line":125,"column":4},"end":{"line":125,"column":17}},"74":{"start":{"line":127,"column":0},"end":{"line":134,"column":1}},"75":{"start":{"line":128,"column":13},"end":{"line":128,"column":28}},"76":{"start":{"line":129,"column":4},"end":{"line":133,"column":7}},"77":{"start":{"line":136,"column":0},"end":{"line":141,"column":1}},"78":{"start":{"line":137,"column":13},"end":{"line":137,"column":28}},"79":{"start":{"line":138,"column":4},"end":{"line":140,"column":7}},"80":{"start":{"line":143,"column":0},"end":{"line":148,"column":1}},"81":{"start":{"line":144,"column":13},"end":{"line":144,"column":28}},"82":{"start":{"line":145,"column":4},"end":{"line":147,"column":7}},"83":{"start":{"line":150,"column":0},"end":{"line":153,"column":1}},"84":{"start":{"line":151,"column":13},"end":{"line":151,"column":28}},"85":{"start":{"line":152,"column":4},"end":{"line":152,"column":54}},"86":{"start":{"line":155,"column":0},"end":{"line":170,"column":1}},"87":{"start":{"line":156,"column":13},"end":{"line":156,"column":28}},"88":{"start":{"line":158,"column":18},"end":{"line":160,"column":6}},"89":{"start":{"line":161,"column":4},"end":{"line":166,"column":5}},"90":{"start":{"line":162,"column":8},"end":{"line":164,"column":11}},"91":{"start":{"line":165,"column":8},"end":{"line":165,"column":21}},"92":{"start":{"line":167,"column":4},"end":{"line":169,"column":7}},"93":{"start":{"line":172,"column":0},"end":{"line":178,"column":1}},"94":{"start":{"line":173,"column":13},"end":{"line":173,"column":28}},"95":{"start":{"line":174,"column":4},"end":{"line":177,"column":7}},"96":{"start":{"line":180,"column":0},"end":{"line":185,"column":1}},"97":{"start":{"line":181,"column":13},"end":{"line":181,"column":28}},"98":{"start":{"line":182,"column":4},"end":{"line":184,"column":7}},"99":{"start":{"line":187,"column":0},"end":{"line":202,"column":1}},"100":{"start":{"line":188,"column":13},"end":{"line":188,"column":28}},"101":{"start":{"line":190,"column":4},"end":{"line":190,"column":61}},"102":{"start":{"line":191,"column":4},"end":{"line":191,"column":64}},"103":{"start":{"line":193,"column":18},"end":{"line":193,"column":50}},"104":{"start":{"line":195,"column":4},"end":{"line":197,"column":5}},"105":{"start":{"line":196,"column":8},"end":{"line":196,"column":61}},"106":{"start":{"line":199,"column":4},"end":{"line":201,"column":7}},"107":{"start":{"line":204,"column":0},"end":{"line":207,"column":1}},"108":{"start":{"line":205,"column":13},"end":{"line":205,"column":28}},"109":{"start":{"line":206,"column":4},"end":{"line":206,"column":54}},"110":{"start":{"line":209,"column":0},"end":{"line":214,"column":1}},"111":{"start":{"line":210,"column":13},"end":{"line":210,"column":28}},"112":{"start":{"line":211,"column":4},"end":{"line":213,"column":7}},"113":{"start":{"line":216,"column":0},"end":{"line":221,"column":1}},"114":{"start":{"line":217,"column":13},"end":{"line":217,"column":28}},"115":{"start":{"line":218,"column":4},"end":{"line":220,"column":17}},"116":{"start":{"line":223,"column":0},"end":{"line":235,"column":1}},"117":{"start":{"line":224,"column":13},"end":{"line":224,"column":28}},"118":{"start":{"line":225,"column":4},"end":{"line":234,"column":17}},"119":{"start":{"line":237,"column":0},"end":{"line":241,"column":1}},"120":{"start":{"line":238,"column":13},"end":{"line":238,"column":28}},"121":{"start":{"line":239,"column":16},"end":{"line":239,"column":66}},"122":{"start":{"line":240,"column":4},"end":{"line":240,"column":19}},"123":{"start":{"line":243,"column":0},"end":{"line":248,"column":1}},"124":{"start":{"line":244,"column":13},"end":{"line":244,"column":28}},"125":{"start":{"line":245,"column":4},"end":{"line":247,"column":17}},"126":{"start":{"line":250,"column":0},"end":{"line":253,"column":1}},"127":{"start":{"line":251,"column":13},"end":{"line":251,"column":28}},"128":{"start":{"line":252,"column":4},"end":{"line":252,"column":90}},"129":{"start":{"line":255,"column":0},"end":{"line":264,"column":1}},"130":{"start":{"line":256,"column":13},"end":{"line":256,"column":28}},"131":{"start":{"line":257,"column":4},"end":{"line":263,"column":6}},"132":{"start":{"line":266,"column":0},"end":{"line":274,"column":1}},"133":{"start":{"line":267,"column":13},"end":{"line":267,"column":28}},"134":{"start":{"line":268,"column":4},"end":{"line":273,"column":6}},"135":{"start":{"line":277,"column":0},"end":{"line":280,"column":1}},"136":{"start":{"line":278,"column":13},"end":{"line":278,"column":28}},"137":{"start":{"line":279,"column":4},"end":{"line":279,"column":146}}},"fnMap":{"0":{"name":"(anonymous_0)","decl":{"start":{"line":3,"column":70},"end":{"line":3,"column":71}},"loc":{"start":{"line":3,"column":82},"end":{"line":3,"column":106}},"line":3},"1":{"name":"(anonymous_1)","decl":{"start":{"line":8,"column":24},"end":{"line":8,"column":25}},"loc":{"start":{"line":8,"column":42},"end":{"line":8,"column":111}},"line":8},"2":{"name":"(anonymous_2)","decl":{"start":{"line":10,"column":30},"end":{"line":10,"column":31}},"loc":{"start":{"line":10,"column":74},"end":{"line":10,"column":164}},"line":10},"3":{"name":"(anonymous_3)","decl":{"start":{"line":12,"column":28},"end":{"line":12,"column":29}},"loc":{"start":{"line":12,"column":62},"end":{"line":12,"column":140}},"line":12},"4":{"name":"(anonymous_4)","decl":{"start":{"line":14,"column":30},"end":{"line":14,"column":31}},"loc":{"start":{"line":14,"column":43},"end":{"line":14,"column":89}},"line":14},"5":{"name":"(anonymous_5)","decl":{"start":{"line":16,"column":39},"end":{"line":16,"column":40}},"loc":{"start":{"line":16,"column":61},"end":{"line":16,"column":151}},"line":16},"6":{"name":"(anonymous_6)","decl":{"start":{"line":19,"column":27},"end":{"line":19,"column":28}},"loc":{"start":{"line":19,"column":40},"end":{"line":19,"column":132}},"line":19},"7":{"name":"(anonymous_7)","decl":{"start":{"line":21,"column":33},"end":{"line":21,"column":34}},"loc":{"start":{"line":21,"column":54},"end":{"line":28,"column":1}},"line":21},"8":{"name":"(anonymous_8)","decl":{"start":{"line":30,"column":30},"end":{"line":30,"column":31}},"loc":{"start":{"line":30,"column":55},"end":{"line":30,"column":119}},"line":30},"9":{"name":"(anonymous_9)","decl":{"start":{"line":32,"column":39},"end":{"line":32,"column":40}},"loc":{"start":{"line":32,"column":64},"end":{"line":32,"column":130}},"line":32},"10":{"name":"(anonymous_10)","decl":{"start":{"line":34,"column":30},"end":{"line":34,"column":31}},"loc":{"start":{"line":34,"column":47},"end":{"line":34,"column":118}},"line":34},"11":{"name":"(anonymous_11)","decl":{"start":{"line":37,"column":29},"end":{"line":37,"column":30}},"loc":{"start":{"line":37,"column":58},"end":{"line":37,"column":102}},"line":37},"12":{"name":"(anonymous_12)","decl":{"start":{"line":42,"column":31},"end":{"line":42,"column":32}},"loc":{"start":{"line":42,"column":49},"end":{"line":46,"column":1}},"line":42},"13":{"name":"(anonymous_13)","decl":{"start":{"line":48,"column":31},"end":{"line":48,"column":32}},"loc":{"start":{"line":48,"column":82},"end":{"line":52,"column":1}},"line":48},"14":{"name":"(anonymous_14)","decl":{"start":{"line":54,"column":34},"end":{"line":54,"column":35}},"loc":{"start":{"line":54,"column":63},"end":{"line":57,"column":1}},"line":54},"15":{"name":"(anonymous_15)","decl":{"start":{"line":59,"column":32},"end":{"line":59,"column":33}},"loc":{"start":{"line":59,"column":67},"end":{"line":63,"column":1}},"line":59},"16":{"name":"(anonymous_16)","decl":{"start":{"line":65,"column":34},"end":{"line":65,"column":35}},"loc":{"start":{"line":65,"column":50},"end":{"line":68,"column":1}},"line":65},"17":{"name":"(anonymous_17)","decl":{"start":{"line":70,"column":35},"end":{"line":70,"column":36}},"loc":{"start":{"line":70,"column":51},"end":{"line":73,"column":1}},"line":70},"18":{"name":"(anonymous_18)","decl":{"start":{"line":75,"column":36},"end":{"line":75,"column":37}},"loc":{"start":{"line":75,"column":56},"end":{"line":80,"column":1}},"line":75},"19":{"name":"(anonymous_19)","decl":{"start":{"line":82,"column":32},"end":{"line":82,"column":33}},"loc":{"start":{"line":82,"column":50},"end":{"line":86,"column":1}},"line":82},"20":{"name":"(anonymous_20)","decl":{"start":{"line":88,"column":30},"end":{"line":88,"column":31}},"loc":{"start":{"line":88,"column":48},"end":{"line":91,"column":1}},"line":88},"21":{"name":"(anonymous_21)","decl":{"start":{"line":93,"column":28},"end":{"line":93,"column":29}},"loc":{"start":{"line":93,"column":66},"end":{"line":102,"column":1}},"line":93},"22":{"name":"(anonymous_22)","decl":{"start":{"line":104,"column":39},"end":{"line":104,"column":40}},"loc":{"start":{"line":104,"column":70},"end":{"line":112,"column":1}},"line":104},"23":{"name":"(anonymous_23)","decl":{"start":{"line":114,"column":30},"end":{"line":114,"column":31}},"loc":{"start":{"line":114,"column":54},"end":{"line":117,"column":1}},"line":114},"24":{"name":"(anonymous_24)","decl":{"start":{"line":119,"column":33},"end":{"line":119,"column":34}},"loc":{"start":{"line":119,"column":57},"end":{"line":126,"column":1}},"line":119},"25":{"name":"(anonymous_25)","decl":{"start":{"line":127,"column":35},"end":{"line":127,"column":36}},"loc":{"start":{"line":127,"column":72},"end":{"line":134,"column":1}},"line":127},"26":{"name":"(anonymous_26)","decl":{"start":{"line":136,"column":35},"end":{"line":136,"column":36}},"loc":{"start":{"line":136,"column":57},"end":{"line":141,"column":1}},"line":136},"27":{"name":"(anonymous_27)","decl":{"start":{"line":143,"column":37},"end":{"line":143,"column":38}},"loc":{"start":{"line":143,"column":61},"end":{"line":148,"column":1}},"line":143},"28":{"name":"(anonymous_28)","decl":{"start":{"line":150,"column":39},"end":{"line":150,"column":40}},"loc":{"start":{"line":150,"column":63},"end":{"line":153,"column":1}},"line":150},"29":{"name":"(anonymous_29)","decl":{"start":{"line":155,"column":35},"end":{"line":155,"column":36}},"loc":{"start":{"line":155,"column":57},"end":{"line":170,"column":1}},"line":155},"30":{"name":"(anonymous_30)","decl":{"start":{"line":172,"column":29},"end":{"line":172,"column":30}},"loc":{"start":{"line":172,"column":49},"end":{"line":178,"column":1}},"line":172},"31":{"name":"(anonymous_31)","decl":{"start":{"line":180,"column":26},"end":{"line":180,"column":27}},"loc":{"start":{"line":180,"column":46},"end":{"line":185,"column":1}},"line":180},"32":{"name":"(anonymous_32)","decl":{"start":{"line":187,"column":29},"end":{"line":187,"column":30}},"loc":{"start":{"line":187,"column":49},"end":{"line":202,"column":1}},"line":187},"33":{"name":"(anonymous_33)","decl":{"start":{"line":204,"column":30},"end":{"line":204,"column":31}},"loc":{"start":{"line":204,"column":46},"end":{"line":207,"column":1}},"line":204},"34":{"name":"(anonymous_34)","decl":{"start":{"line":209,"column":29},"end":{"line":209,"column":30}},"loc":{"start":{"line":209,"column":47},"end":{"line":214,"column":1}},"line":209},"35":{"name":"(anonymous_35)","decl":{"start":{"line":216,"column":38},"end":{"line":216,"column":39}},"loc":{"start":{"line":216,"column":58},"end":{"line":221,"column":1}},"line":216},"36":{"name":"(anonymous_36)","decl":{"start":{"line":223,"column":38},"end":{"line":223,"column":39}},"loc":{"start":{"line":223,"column":54},"end":{"line":235,"column":1}},"line":223},"37":{"name":"(anonymous_37)","decl":{"start":{"line":237,"column":34},"end":{"line":237,"column":35}},"loc":{"start":{"line":237,"column":54},"end":{"line":241,"column":1}},"line":237},"38":{"name":"(anonymous_38)","decl":{"start":{"line":243,"column":33},"end":{"line":243,"column":34}},"loc":{"start":{"line":243,"column":54},"end":{"line":248,"column":1}},"line":243},"39":{"name":"(anonymous_39)","decl":{"start":{"line":250,"column":40},"end":{"line":250,"column":41}},"loc":{"start":{"line":250,"column":71},"end":{"line":253,"column":1}},"line":250},"40":{"name":"(anonymous_40)","decl":{"start":{"line":255,"column":32},"end":{"line":255,"column":33}},"loc":{"start":{"line":255,"column":63},"end":{"line":264,"column":1}},"line":255},"41":{"name":"(anonymous_41)","decl":{"start":{"line":266,"column":37},"end":{"line":266,"column":38}},"loc":{"start":{"line":266,"column":68},"end":{"line":274,"column":1}},"line":266},"42":{"name":"(anonymous_42)","decl":{"start":{"line":277,"column":25},"end":{"line":277,"column":26}},"loc":{"start":{"line":277,"column":41},"end":{"line":280,"column":1}},"line":277}},"branchMap":{"0":{"loc":{"start":{"line":24,"column":4},"end":{"line":26,"column":5}},"type":"if","locations":[{"start":{"line":24,"column":4},"end":{"line":26,"column":5}},{"start":{"line":24,"column":4},"end":{"line":26,"column":5}}],"line":24},"1":{"loc":{"start":{"line":48,"column":71},"end":{"line":48,"column":81}},"type":"default-arg","locations":[{"start":{"line":48,"column":76},"end":{"line":48,"column":81}}],"line":48},"2":{"loc":{"start":{"line":122,"column":4},"end":{"line":124,"column":5}},"type":"if","locations":[{"start":{"line":122,"column":4},"end":{"line":124,"column":5}},{"start":{"line":122,"column":4},"end":{"line":124,"column":5}}],"line":122},"3":{"loc":{"start":{"line":161,"column":4},"end":{"line":166,"column":5}},"type":"if","locations":[{"start":{"line":161,"column":4},"end":{"line":166,"column":5}},{"start":{"line":161,"column":4},"end":{"line":166,"column":5}}],"line":161}},"s":{"0":2,"1":2,"2":2,"3":2,"4":3,"5":2,"6":4,"7":2,"8":7,"9":2,"10":4,"11":2,"12":966,"13":2,"14":2,"15":2,"16":966,"17":966,"18":966,"19":965,"20":966,"21":2,"22":1,"23":2,"24":1,"25":2,"26":1,"27":2,"28":14,"29":2,"30":3,"31":3,"32":2,"33":4,"34":4,"35":2,"36":1,"37":1,"38":2,"39":7,"40":7,"41":2,"42":4,"43":4,"44":2,"45":2,"46":2,"47":2,"48":0,"49":0,"50":0,"51":0,"52":2,"53":1,"54":1,"55":1,"56":2,"57":1,"58":1,"59":2,"60":0,"61":0,"62":2,"63":2,"64":2,"65":2,"66":0,"67":0,"68":2,"69":2,"70":2,"71":2,"72":2,"73":0,"74":2,"75":0,"76":0,"77":2,"78":0,"79":0,"80":2,"81":0,"82":0,"83":2,"84":0,"85":0,"86":2,"87":0,"88":0,"89":0,"90":0,"91":0,"92":0,"93":2,"94":10,"95":10,"96":2,"97":3,"98":3,"99":2,"100":2,"101":2,"102":2,"103":2,"104":2,"105":1,"106":2,"107":2,"108":3,"109":3,"110":2,"111":1,"112":1,"113":2,"114":0,"115":0,"116":2,"117":0,"118":0,"119":2,"120":1,"121":1,"122":1,"123":2,"124":6,"125":6,"126":2,"127":1,"128":1,"129":2,"130":4,"131":4,"132":2,"133":2,"134":2,"135":2,"136":7,"137":7},"f":{"0":2,"1":3,"2":4,"3":7,"4":4,"5":966,"6":2,"7":966,"8":1,"9":1,"10":1,"11":14,"12":3,"13":4,"14":1,"15":7,"16":4,"17":2,"18":0,"19":1,"20":1,"21":0,"22":2,"23":0,"24":2,"25":0,"26":0,"27":0,"28":0,"29":0,"30":10,"31":3,"32":2,"33":3,"34":1,"35":0,"36":0,"37":1,"38":6,"39":1,"40":4,"41":2,"42":7},"b":{"0":[965,1],"1":[4],"2":[2,0],"3":[0,0]},"_coverageSchema":"1a1c01bbd47fc00a2c39e90264f33305004495a9","hash":"50c4c1199bfd868bacc451d3194a226ce96ebf06"}
,"/Users/sniels/Desktop/Comp523/410democentral/410democentral-backend/tests/init_tests.js": {"path":"/Users/sniels/Desktop/Comp523/410democentral/410democentral-backend/tests/init_tests.js","statementMap":{"0":{"start":{"line":1,"column":11},"end":{"line":1,"column":30}},"1":{"start":{"line":2,"column":13},"end":{"line":2,"column":34}},"2":{"start":{"line":4,"column":0},"end":{"line":23,"column":1}},"3":{"start":{"line":5,"column":4},"end":{"line":5,"column":23}},"4":{"start":{"line":6,"column":21},"end":{"line":6,"column":57}},"5":{"start":{"line":7,"column":4},"end":{"line":7,"column":87}},"6":{"start":{"line":7,"column":21},"end":{"line":7,"column":87}},"7":{"start":{"line":9,"column":4},"end":{"line":9,"column":36}},"8":{"start":{"line":10,"column":4},"end":{"line":10,"column":51}},"9":{"start":{"line":11,"column":4},"end":{"line":11,"column":58}},"10":{"start":{"line":13,"column":18},"end":{"line":13,"column":49}},"11":{"start":{"line":14,"column":4},"end":{"line":14,"column":51}},"12":{"start":{"line":15,"column":16},"end":{"line":15,"column":70}},"13":{"start":{"line":16,"column":15},"end":{"line":16,"column":67}},"14":{"start":{"line":17,"column":17},"end":{"line":20,"column":6}},"15":{"start":{"line":22,"column":18},"end":{"line":22,"column":49}}},"fnMap":{"0":{"name":"(anonymous_0)","decl":{"start":{"line":4,"column":23},"end":{"line":4,"column":24}},"loc":{"start":{"line":4,"column":41},"end":{"line":23,"column":1}},"line":4}},"branchMap":{"0":{"loc":{"start":{"line":7,"column":4},"end":{"line":7,"column":87}},"type":"if","locations":[{"start":{"line":7,"column":4},"end":{"line":7,"column":87}},{"start":{"line":7,"column":4},"end":{"line":7,"column":87}}],"line":7}},"s":{"0":1,"1":1,"2":1,"3":1,"4":1,"5":1,"6":0,"7":1,"8":1,"9":1,"10":1,"11":1,"12":1,"13":1,"14":1,"15":1},"f":{"0":1},"b":{"0":[0,1]},"_coverageSchema":"1a1c01bbd47fc00a2c39e90264f33305004495a9","hash":"74f61768d80c301f7a771435fe227bf4989be5cf"}
}
