TN:
SF:auth.js
FN:15,(anonymous_0)
FN:26,(anonymous_1)
FN:31,(anonymous_2)
FN:37,(anonymous_3)
FN:60,(anonymous_4)
FN:64,(anonymous_5)
FN:69,(anonymous_6)
FN:74,(anonymous_7)
FN:85,(anonymous_8)
FN:94,(anonymous_9)
FNF:10
FNH:0
FNDA:0,(anonymous_0)
FNDA:0,(anonymous_1)
FNDA:0,(anonymous_2)
FNDA:0,(anonymous_3)
FNDA:0,(anonymous_4)
FNDA:0,(anonymous_5)
FNDA:0,(anonymous_6)
FNDA:0,(anonymous_7)
FNDA:0,(anonymous_8)
FNDA:0,(anonymous_9)
DA:1,2
DA:2,2
DA:3,2
DA:5,2
DA:6,2
DA:7,2
DA:8,2
DA:9,2
DA:10,2
DA:12,2
DA:13,2
DA:15,2
DA:16,0
DA:17,0
DA:18,0
DA:26,2
DA:27,0
DA:28,0
DA:31,2
DA:32,0
DA:33,0
DA:34,0
DA:37,2
DA:38,0
DA:39,0
DA:40,0
DA:43,0
DA:45,0
DA:46,0
DA:47,0
DA:48,0
DA:49,0
DA:50,0
DA:51,0
DA:52,0
DA:57,0
DA:60,2
DA:61,0
DA:64,2
DA:65,0
DA:66,0
DA:69,2
DA:70,0
DA:71,0
DA:74,2
DA:75,0
DA:76,0
DA:77,0
DA:79,0
DA:80,0
DA:82,0
DA:85,2
DA:86,0
DA:87,0
DA:88,0
DA:89,0
DA:91,0
DA:94,2
DA:95,0
DA:96,0
DA:97,0
DA:99,0
DA:100,0
DA:101,0
DA:103,0
LF:65
LH:21
BRDA:39,0,0,0
BRDA:39,0,1,0
BRDA:47,1,0,0
BRDA:47,1,1,0
BRDA:76,2,0,0
BRDA:76,2,1,0
BRDA:79,3,0,0
BRDA:79,3,1,0
BRDA:88,4,0,0
BRDA:88,4,1,0
BRDA:88,5,0,0
BRDA:88,5,1,0
BRDA:96,6,0,0
BRDA:96,6,1,0
BRDA:100,7,0,0
BRDA:100,7,1,0
BRF:16
BRH:0
end_of_record
TN:
SF:db.js
FN:3,(anonymous_0)
FN:8,(anonymous_1)
FN:10,(anonymous_2)
FN:12,(anonymous_3)
FN:14,(anonymous_4)
FN:16,(anonymous_5)
FN:19,(anonymous_6)
FN:21,(anonymous_7)
FN:30,(anonymous_8)
FN:32,(anonymous_9)
FN:34,(anonymous_10)
FN:37,(anonymous_11)
FN:42,(anonymous_12)
FN:48,(anonymous_13)
FN:54,(anonymous_14)
FN:59,(anonymous_15)
FN:65,(anonymous_16)
FN:70,(anonymous_17)
FN:75,(anonymous_18)
FN:82,(anonymous_19)
FN:88,(anonymous_20)
FN:93,(anonymous_21)
FN:104,(anonymous_22)
FN:114,(anonymous_23)
FN:119,(anonymous_24)
FN:127,(anonymous_25)
FN:136,(anonymous_26)
FN:143,(anonymous_27)
FN:150,(anonymous_28)
FN:155,(anonymous_29)
FN:172,(anonymous_30)
FN:180,(anonymous_31)
FN:187,(anonymous_32)
FN:204,(anonymous_33)
FN:209,(anonymous_34)
FN:216,(anonymous_35)
FN:223,(anonymous_36)
FN:237,(anonymous_37)
FN:243,(anonymous_38)
FN:250,(anonymous_39)
FN:255,(anonymous_40)
FN:266,(anonymous_41)
FN:277,(anonymous_42)
FNF:43
FNH:33
FNDA:2,(anonymous_0)
FNDA:3,(anonymous_1)
FNDA:4,(anonymous_2)
FNDA:7,(anonymous_3)
FNDA:4,(anonymous_4)
FNDA:966,(anonymous_5)
FNDA:2,(anonymous_6)
FNDA:966,(anonymous_7)
FNDA:1,(anonymous_8)
FNDA:1,(anonymous_9)
FNDA:1,(anonymous_10)
FNDA:14,(anonymous_11)
FNDA:3,(anonymous_12)
FNDA:4,(anonymous_13)
FNDA:1,(anonymous_14)
FNDA:7,(anonymous_15)
FNDA:4,(anonymous_16)
FNDA:2,(anonymous_17)
FNDA:0,(anonymous_18)
FNDA:1,(anonymous_19)
FNDA:1,(anonymous_20)
FNDA:0,(anonymous_21)
FNDA:2,(anonymous_22)
FNDA:0,(anonymous_23)
FNDA:2,(anonymous_24)
FNDA:0,(anonymous_25)
FNDA:0,(anonymous_26)
FNDA:0,(anonymous_27)
FNDA:0,(anonymous_28)
FNDA:0,(anonymous_29)
FNDA:10,(anonymous_30)
FNDA:3,(anonymous_31)
FNDA:2,(anonymous_32)
FNDA:3,(anonymous_33)
FNDA:1,(anonymous_34)
FNDA:0,(anonymous_35)
FNDA:0,(anonymous_36)
FNDA:1,(anonymous_37)
FNDA:6,(anonymous_38)
FNDA:1,(anonymous_39)
FNDA:4,(anonymous_40)
FNDA:2,(anonymous_41)
FNDA:7,(anonymous_42)
DA:1,2
DA:3,2
DA:8,3
DA:10,4
DA:12,7
DA:14,4
DA:16,966
DA:19,2
DA:21,2
DA:22,966
DA:23,966
DA:24,966
DA:25,965
DA:27,966
DA:30,2
DA:32,2
DA:34,2
DA:37,14
DA:42,2
DA:43,3
DA:45,3
DA:48,2
DA:50,4
DA:51,4
DA:54,2
DA:55,1
DA:56,1
DA:59,2
DA:61,7
DA:62,7
DA:65,2
DA:66,4
DA:67,4
DA:70,2
DA:71,2
DA:72,2
DA:75,2
DA:76,0
DA:77,0
DA:78,0
DA:79,0
DA:82,2
DA:83,1
DA:84,1
DA:85,1
DA:88,2
DA:89,1
DA:90,1
DA:93,2
DA:94,0
DA:95,0
DA:104,2
DA:105,2
DA:106,2
DA:114,2
DA:115,0
DA:116,0
DA:119,2
DA:120,2
DA:121,2
DA:122,2
DA:123,2
DA:125,0
DA:127,2
DA:128,0
DA:129,0
DA:136,2
DA:137,0
DA:138,0
DA:143,2
DA:144,0
DA:145,0
DA:150,2
DA:151,0
DA:152,0
DA:155,2
DA:156,0
DA:158,0
DA:161,0
DA:162,0
DA:165,0
DA:167,0
DA:172,2
DA:173,10
DA:174,10
DA:180,2
DA:181,3
DA:182,3
DA:187,2
DA:188,2
DA:190,2
DA:191,2
DA:193,2
DA:195,2
DA:196,1
DA:199,2
DA:204,2
DA:205,3
DA:206,3
DA:209,2
DA:210,1
DA:211,1
DA:216,2
DA:217,0
DA:218,0
DA:223,2
DA:224,0
DA:225,0
DA:237,2
DA:238,1
DA:239,1
DA:240,1
DA:243,2
DA:244,6
DA:245,6
DA:250,2
DA:251,1
DA:252,1
DA:255,2
DA:256,4
DA:257,4
DA:266,2
DA:267,2
DA:268,2
DA:277,2
DA:278,7
DA:279,7
LF:127
LH:100
BRDA:24,0,0,965
BRDA:24,0,1,1
BRDA:48,1,0,4
BRDA:122,2,0,2
BRDA:122,2,1,0
BRDA:161,3,0,0
BRDA:161,3,1,0
BRF:7
BRH:4
end_of_record
TN:
SF:tests/init_tests.js
FN:4,(anonymous_0)
FNF:1
FNH:1
FNDA:1,(anonymous_0)
DA:1,1
DA:2,1
DA:4,1
DA:5,1
DA:6,1
DA:7,1
DA:9,1
DA:10,1
DA:11,1
DA:13,1
DA:14,1
DA:15,1
DA:16,1
DA:17,1
DA:22,1
LF:15
LH:15
BRDA:7,0,0,0
BRDA:7,0,1,1
BRF:2
BRH:1
end_of_record
